Arguments: 
  C:\Program Files\nodejs\node.exe C:\Users\kunlu\AppData\Roaming\npm\node_modules\yarn\bin\yarn.js add -D typescript

PATH: 
  C:\Users\kunlu\OneDrive\Desktop\Cmder\vendor\git-for-windows\cmd;C:\Users\kunlu\OneDrive\Desktop\Cmder\vendor\conemu-maximus5\ConEmu\Scripts;C:\Users\kunlu\OneDrive\Desktop\Cmder\vendor\conemu-maximus5;C:\Users\kunlu\OneDrive\Desktop\Cmder\vendor\conemu-maximus5\ConEmu;C:\WINDOWS\system32;C:\WINDOWS;C:\WINDOWS\System32\Wbem;C:\WINDOWS\System32\WindowsPowerShell\v1.0\;C:\WINDOWS\System32\OpenSSH\;C:\ProgramData\chocolatey\bin;C:\Program Files (x86)\GnuWin32\bin;C:\laragon\bin\php\php-8.1.4-Win32-vs16-x64;C:\ProgramData\ComposerSetup\bin;C:\laragon\bin\php\php-7.4.19-Win32-vc15-x64;C:\xampp\php;C:\Program Files\Java\jdk-17.0.4\bin;C:\devtools\apache-maven-3.8.6\bin;C:\Program Files\nodejs\;C:\Program Files\Docker\Docker\resources\bin;C:\flutter\bin;C:\Program Files\PuTTY\;C:\Users\kunlu\AppData\Local\Yarn\config\global\node_modules\.bin;C:\Users\kunlu\AppData\Roaming\Composer\vendor\bin;C:\Program Files\MySQL\MySQL Shell 8.0\bin\;C:\Users\kunlu\AppData\Local\Programs\Python\Python39\Scripts\;C:\Users\kunlu\AppData\Local\Programs\Python\Python39\;C:\Users\kunlu\AppData\Local\Microsoft\WindowsApps;C:\Users\kunlu\AppData\Local\Programs\Microsoft VS Code\bin;C:\Program Files\heroku\bin;C:\Users\kunlu\AppData\Local\Google\Cloud SDK\google-cloud-sdk\bin;C:\Program Files (x86)\GnuWin32\bin;C:\xampp\htdocs\composer.bat;C:\Program Files\JetBrains\IntelliJ IDEA Community Edition 2022.2\bin;C:\Program Files\Docker\Docker\resources\bin;C:\Users\kunlu\AppData\Roaming\npm;C:\Users\kunlu\AppData\Local\Microsoft\WindowsApps;C:\Users\kunlu\OneDrive\Desktop\Cmder\vendor\git-for-windows\mingw64\bin;C:\Users\kunlu\OneDrive\Desktop\Cmder\vendor\git-for-windows\usr\bin;C:\Users\kunlu\OneDrive\Desktop\Cmder\vendor\bin;C:\Users\kunlu\OneDrive\Desktop\Cmder

Yarn version: 
  1.22.11

Node version: 
  16.18.0

Platform: 
  win32 x64

Trace: 
  SyntaxError: C:\Users\kunlu\OneDrive\Desktop\typescript_project\streak-counter\package.json: Unexpected end of JSON input
      at JSON.parse (<anonymous>)
      at C:\Users\kunlu\AppData\Roaming\npm\node_modules\yarn\lib\cli.js:1625:59
      at Generator.next (<anonymous>)
      at step (C:\Users\kunlu\AppData\Roaming\npm\node_modules\yarn\lib\cli.js:310:30)
      at C:\Users\kunlu\AppData\Roaming\npm\node_modules\yarn\lib\cli.js:321:13

npm manifest: 
  

yarn manifest: 
  No manifest

Lockfile: 
  # THIS IS AN AUTOGENERATED FILE. DO NOT EDIT THIS FILE DIRECTLY.
  # yarn lockfile v1
